0 info it worked if it ends with ok
1 verbose cli [ '/usr/local/Cellar/node/5.1.1/bin/node',
1 verbose cli   '/usr/local/bin/npm',
1 verbose cli   'install',
1 verbose cli   '-g',
1 verbose cli   'ios-deploy' ]
2 info using npm@3.5.1
3 info using node@v5.1.1
4 silly loadCurrentTree Starting
5 silly install loadCurrentTree
6 silly install readGlobalPackageData
7 silly fetchPackageMetaData ios-deploy
8 silly fetchNamedPackageData ios-deploy
9 silly mapToRegistry name ios-deploy
10 silly mapToRegistry using default registry
11 silly mapToRegistry registry https://registry.npmjs.org/
12 silly mapToRegistry uri https://registry.npmjs.org/ios-deploy
13 verbose request uri https://registry.npmjs.org/ios-deploy
14 verbose request no auth needed
15 info attempt registry request try #1 at 09:04:23
16 verbose request id 015788d0eb868e36
17 verbose etag "4CUS9875CC3DGHUBAFHHN6HOD"
18 http request GET https://registry.npmjs.org/ios-deploy
19 http 304 https://registry.npmjs.org/ios-deploy
20 verbose headers { date: 'Wed, 23 Mar 2016 08:04:24 GMT',
20 verbose headers   via: '1.1 varnish',
20 verbose headers   'cache-control': 'max-age=300',
20 verbose headers   etag: '"4CUS9875CC3DGHUBAFHHN6HOD"',
20 verbose headers   age: '23',
20 verbose headers   connection: 'keep-alive',
20 verbose headers   'x-served-by': 'cache-lcy1127-LCY',
20 verbose headers   'x-cache': 'HIT',
20 verbose headers   'x-cache-hits': '2',
20 verbose headers   'x-timer': 'S1458720264.340647,VS0,VE0',
20 verbose headers   vary: 'Accept' }
21 silly get cb [ 304,
21 silly get   { date: 'Wed, 23 Mar 2016 08:04:24 GMT',
21 silly get     via: '1.1 varnish',
21 silly get     'cache-control': 'max-age=300',
21 silly get     etag: '"4CUS9875CC3DGHUBAFHHN6HOD"',
21 silly get     age: '23',
21 silly get     connection: 'keep-alive',
21 silly get     'x-served-by': 'cache-lcy1127-LCY',
21 silly get     'x-cache': 'HIT',
21 silly get     'x-cache-hits': '2',
21 silly get     'x-timer': 'S1458720264.340647,VS0,VE0',
21 silly get     vary: 'Accept' } ]
22 verbose etag https://registry.npmjs.org/ios-deploy from cache
23 verbose get saving ios-deploy to /Users/xperpinya/.npm/registry.npmjs.org/ios-deploy/.cache.json
24 silly install normalizeTree
25 silly loadCurrentTree Finishing
26 silly loadIdealTree Starting
27 silly install loadIdealTree
28 silly cloneCurrentTree Starting
29 silly install cloneCurrentTreeToIdealTree
30 silly cloneCurrentTree Finishing
31 silly loadShrinkwrap Starting
32 silly install loadShrinkwrap
33 silly loadShrinkwrap Finishing
34 silly loadAllDepsIntoIdealTree Starting
35 silly install loadAllDepsIntoIdealTree
36 silly resolveWithNewModule ios-deploy@1.8.5 checking installable status
37 silly cache add args [ 'ios-deploy', null ]
38 verbose cache add spec ios-deploy
39 silly cache add parsed spec Result {
39 silly cache add   raw: 'ios-deploy',
39 silly cache add   scope: null,
39 silly cache add   name: 'ios-deploy',
39 silly cache add   rawSpec: '',
39 silly cache add   spec: 'latest',
39 silly cache add   type: 'tag' }
40 silly addNamed ios-deploy@latest
41 verbose addNamed "latest" is being treated as a dist-tag for ios-deploy
42 info addNameTag [ 'ios-deploy', 'latest' ]
43 silly mapToRegistry name ios-deploy
44 silly mapToRegistry using default registry
45 silly mapToRegistry registry https://registry.npmjs.org/
46 silly mapToRegistry uri https://registry.npmjs.org/ios-deploy
47 verbose addNameTag registry:https://registry.npmjs.org/ios-deploy not in flight; fetching
48 verbose get https://registry.npmjs.org/ios-deploy not expired, no request
49 silly addNameTag next cb for ios-deploy with tag latest
50 silly addNamed ios-deploy@1.8.5
51 verbose addNamed "1.8.5" is a plain semver version for ios-deploy
52 silly cache afterAdd ios-deploy@1.8.5
53 verbose afterAdd /Users/xperpinya/.npm/ios-deploy/1.8.5/package/package.json not in flight; writing
54 verbose afterAdd /Users/xperpinya/.npm/ios-deploy/1.8.5/package/package.json written
55 silly loadAllDepsIntoIdealTree Finishing
56 silly idealTree:prePrune lib
56 silly idealTree:prePrune └── ios-deploy@1.8.5
57 silly loadIdealTree Finishing
58 silly currentTree lib
59 silly idealTree lib
59 silly idealTree └── ios-deploy@1.8.5
60 silly generateActionsToTake Starting
61 silly install generateActionsToTake
62 silly generateActionsToTake Finishing
63 silly diffTrees action count 1
64 silly diffTrees add ios-deploy@1.8.5
65 silly decomposeActions action count 8
66 silly decomposeActions fetch ios-deploy@1.8.5
67 silly decomposeActions extract ios-deploy@1.8.5
68 silly decomposeActions test ios-deploy@1.8.5
69 silly decomposeActions preinstall ios-deploy@1.8.5
70 silly decomposeActions build ios-deploy@1.8.5
71 silly decomposeActions install ios-deploy@1.8.5
72 silly decomposeActions postinstall ios-deploy@1.8.5
73 silly decomposeActions finalize ios-deploy@1.8.5
74 silly executeActions Starting
75 silly install executeActions
76 silly doSerial global-install 0
77 silly doParallel fetch 1
78 verbose lock using /Users/xperpinya/.npm/_locks/staging-3a08f0df5026584d.lock for /usr/local/lib/node_modules/.staging
79 silly doParallel extract 1
80 silly extract ios-deploy@1.8.5
81 verbose unbuild lib/node_modules/.staging/ios-deploy-fbfd9f76b9a8909271fae167aab47715
82 silly gentlyRm /usr/local/lib/node_modules/.staging/ios-deploy-fbfd9f76b9a8909271fae167aab47715 is being purged from base /usr/local
83 verbose gentlyRm don't care about contents; nuking /usr/local/lib/node_modules/.staging/ios-deploy-fbfd9f76b9a8909271fae167aab47715
84 verbose tar unpack /Users/xperpinya/.npm/ios-deploy/1.8.5/package.tgz
85 verbose tar unpacking to /usr/local/lib/node_modules/.staging/ios-deploy-fbfd9f76b9a8909271fae167aab47715
86 silly gentlyRm /usr/local/lib/node_modules/.staging/ios-deploy-fbfd9f76b9a8909271fae167aab47715 is being purged
87 verbose gentlyRm don't care about contents; nuking /usr/local/lib/node_modules/.staging/ios-deploy-fbfd9f76b9a8909271fae167aab47715
88 silly gunzTarPerm modes [ '755', '644' ]
89 silly gunzTarPerm extractEntry package.json
90 silly gunzTarPerm extractEntry .npmignore
91 silly gunzTarPerm extractEntry README.md
92 silly gunzTarPerm extractEntry LICENSE
93 silly gunzTarPerm extractEntry CONTRIBUTING.md
94 silly gunzTarPerm extractEntry demo/.npmignore
95 silly gunzTarPerm extractEntry demo/Entitlements.plist
96 silly gunzTarPerm extractEntry demo/Info.plist
97 silly gunzTarPerm extractEntry demo/Makefile
98 silly gunzTarPerm extractEntry demo/ResourceRules.plist
99 silly gunzTarPerm extractEntry demo/demo.c
100 silly gunzTarPerm extractEntry ios-deploy.xcodeproj/project.pbxproj
101 silly gunzTarPerm extractEntry ios-deploy.xcodeproj/xcshareddata/xcschemes/ios-deploy-tests.xcscheme
102 silly gunzTarPerm extractEntry src/ios-deploy/MobileDevice.h
103 silly gunzTarPerm extractEntry src/ios-deploy/errors.h
104 silly gunzTarPerm extractEntry src/ios-deploy/ios-deploy.m
105 silly gunzTarPerm extractEntry src/ios-deploy/lldb.py.h
106 silly gunzTarPerm extractEntry src/ios-deploy/version.h
107 silly gunzTarPerm extractEntry src/ios-deploy-lib/libios_deploy.h
108 silly gunzTarPerm extractEntry src/ios-deploy-lib/libios_deploy.m
109 silly gunzTarPerm extractEntry src/ios-deploy-tests/Info.plist
110 silly gunzTarPerm extractEntry src/ios-deploy-tests/ios_deploy_tests.m
111 silly gunzTarPerm extractEntry src/scripts/check_reqs.js
112 silly gunzTarPerm extractEntry src/scripts/lldb.py
113 silly gunzTarPerm extractEntry src/scripts/lldb.pyc
114 silly gentlyRm /usr/local/lib/node_modules/.staging/ios-deploy-fbfd9f76b9a8909271fae167aab47715/node_modules is being purged
115 verbose gentlyRm don't care about contents; nuking /usr/local/lib/node_modules/.staging/ios-deploy-fbfd9f76b9a8909271fae167aab47715/node_modules
116 silly doParallel preinstall 1
117 silly preinstall ios-deploy@1.8.5 /usr/local/lib/node_modules/.staging/ios-deploy-fbfd9f76b9a8909271fae167aab47715
118 info lifecycle ios-deploy@1.8.5~preinstall: ios-deploy@1.8.5
119 warn lifecycle ios-deploy@1.8.5~preinstall: cannot run in wd %s %s (wd=%s) ios-deploy@1.8.5 ./src/scripts/check_reqs.js && xcodebuild /usr/local/lib/node_modules/.staging/ios-deploy-fbfd9f76b9a8909271fae167aab47715
120 silly doReverseSerial remove 0
121 silly doSerial move 0
122 silly doSerial finalize 1
123 silly finalize /usr/local/lib/node_modules/ios-deploy
124 silly doSerial build 1
125 silly build ios-deploy@1.8.5
126 info linkStuff ios-deploy@1.8.5
127 silly linkStuff ios-deploy@1.8.5 has /usr/local/lib/node_modules as its parent node_modules
128 silly linkStuff ios-deploy@1.8.5 is part of a global install
129 silly linkStuff ios-deploy@1.8.5 is installed into a global node_modules
130 silly linkStuff ios-deploy@1.8.5 is installed into the top-level global node_modules
131 verbose linkBins ios-deploy@1.8.5
132 verbose link bins [ { 'ios-deploy': './build/Release/ios-deploy' },
132 verbose link bins   '/usr/local/bin',
132 verbose link bins   true ]
133 verbose linkMans ios-deploy@1.8.5
134 verbose unlock done using /Users/xperpinya/.npm/_locks/staging-3a08f0df5026584d.lock for /usr/local/lib/node_modules/.staging
135 silly rollbackFailedOptional Starting
136 silly rollbackFailedOptional Finishing
137 silly runTopLevelLifecycles Starting
138 silly runTopLevelLifecycles Finishing
139 silly install printInstalled
140 verbose stack Error: ENOENT: no such file or directory, chmod '/usr/local/lib/node_modules/ios-deploy/build/Release/ios-deploy'
140 verbose stack     at Error (native)
141 verbose cwd /Users/xperpinya/git-demo/todo
142 error Darwin 15.3.0
143 error argv "/usr/local/Cellar/node/5.1.1/bin/node" "/usr/local/bin/npm" "install" "-g" "ios-deploy"
144 error node v5.1.1
145 error npm  v3.5.1
146 error path /usr/local/lib/node_modules/ios-deploy/build/Release/ios-deploy
147 error code ENOENT
148 error errno -2
149 error syscall chmod
150 error enoent ENOENT: no such file or directory, chmod '/usr/local/lib/node_modules/ios-deploy/build/Release/ios-deploy'
151 error enoent ENOENT: no such file or directory, chmod '/usr/local/lib/node_modules/ios-deploy/build/Release/ios-deploy'
151 error enoent This is most likely not a problem with npm itself
151 error enoent and is related to npm not being able to find a file.
152 verbose exit [ -2, true ]
